MongoDB connected
Default VAT user already exists
Server running on port 5001
[0mPOST /api/users/login [33m404[0m 2.946 ms - 47[0m
[0mPOST /api/users/login [33m404[0m 1.060 ms - 47[0m
[0mPOST /api/users/login [33m404[0m 0.494 ms - 47[0m
[0mPOST /api/users/login [33m404[0m 0.253 ms - 47[0m
[0mPOST /api/users/login [33m404[0m 0.279 ms - 47[0m
[0mPOST /api/users/login [33m404[0m 0.364 ms - 47[0m
[0mPOST /api/users/login [33m404[0m 3.407 ms - 47[0m
[0mPOST /api/users/login [33m404[0m 0.346 ms - 47[0m
[0mPOST /api/vat-finance/auth/login [33m404[0m 0.660 ms - 58[0m
[0mPOST /api/vat-finance/auth/login [33m404[0m 0.452 ms - 58[0m
[0mPOST /api/users/login [33m404[0m 0.530 ms - 47[0m
[0mPOST /api/users/login [33m404[0m 0.325 ms - 47[0m
[0mPOST /api/users/login [33m404[0m 0.422 ms - 47[0m
[0mPOST /api/users/login [33m404[0m 0.916 ms - 47[0m
[0mPOST /api/users/login [33m404[0m 24.616 ms - 47[0m
[0mPOST /api/users/login [33m404[0m 15.741 ms - 47[0m
[0mPOST /api/users/login [33m404[0m 1.475 ms - 47[0m
[0mPOST /api/users/login [33m404[0m 0.733 ms - 47[0m
[0mPOST /api/users/login [33m404[0m 13.101 ms - 47[0m
[0mPOST /api/users/login [33m404[0m 33.616 ms - 47[0m
[0mPOST /api/users/login [33m404[0m 4.038 ms - 47[0m
